This is pdfTeX, Version 3.141592653-2.6-1.40.22 (TeX Live 2022/dev/Debian) (preloaded format=pdflatex 2024.5.15)  8 NOV 2025 13:28
entering extended mode
 restricted \write18 enabled.
 %&-line parsing enabled.
**output.tex
(./output.tex
LaTeX2e <2021-11-15> patch level 1
L3 programming layer <2022-01-21>
(/usr/share/texlive/texmf-dist/tex/latex/base/article.cls
Document Class: article 2021/10/04 v1.4n Standard LaTeX document class
(/usr/share/texlive/texmf-dist/tex/latex/base/size12.clo
File: size12.clo 2021/10/04 v1.4n Standard LaTeX file (size option)
)
\c@part=\count185
\c@section=\count186
\c@subsection=\count187
\c@subsubsection=\count188
\c@paragraph=\count189
\c@subparagraph=\count190
\c@figure=\count191
\c@table=\count192
\abovecaptionskip=\skip47
\belowcaptionskip=\skip48
\bibindent=\dimen138
)
(/usr/share/texlive/texmf-dist/tex/latex/xcolor/xcolor.sty
Package: xcolor 2021/10/31 v2.13 LaTeX color extensions (UK)

(/usr/share/texlive/texmf-dist/tex/latex/graphics-cfg/color.cfg
File: color.cfg 2016/01/02 v1.6 sample color configuration
)
Package xcolor Info: Driver file: pdftex.def on input line 227.

(/usr/share/texlive/texmf-dist/tex/latex/graphics-def/pdftex.def
File: pdftex.def 2020/10/05 v1.2a Graphics/color driver for pdftex
)
(/usr/share/texlive/texmf-dist/tex/latex/colortbl/colortbl.sty
Package: colortbl 2020/01/04 v1.0e Color table columns (DPC)

(/usr/share/texlive/texmf-dist/tex/latex/tools/array.sty
Package: array 2021/10/04 v2.5f Tabular extension package (FMi)
\col@sep=\dimen139
\ar@mcellbox=\box50
\extrarowheight=\dimen140
\NC@list=\toks16
\extratabsurround=\skip49
\backup@length=\skip50
\ar@cellbox=\box51
)
\everycr=\toks17
\minrowclearance=\skip51
)
\rownum=\count193
Package xcolor Info: Model `cmy' substituted by `cmy0' on input line 1352.
Package xcolor Info: Model `hsb' substituted by `rgb' on input line 1356.
Package xcolor Info: Model `RGB' extended on input line 1368.
Package xcolor Info: Model `HTML' substituted by `rgb' on input line 1370.
Package xcolor Info: Model `Hsb' substituted by `hsb' on input line 1371.
Package xcolor Info: Model `tHsb' substituted by `hsb' on input line 1372.
Package xcolor Info: Model `HSB' substituted by `hsb' on input line 1373.
Package xcolor Info: Model `Gray' substituted by `gray' on input line 1374.
Package xcolor Info: Model `wave' substituted by `hsb' on input line 1375.
)
(/usr/share/texlive/texmf-dist/tex/latex/float/float.sty
Package: float 2001/11/08 v1.3d Float enhancements (AL)
\c@float@type=\count194
\float@exts=\toks18
\float@box=\box52
\@float@everytoks=\toks19
\@floatcapt=\box53
)
(/usr/share/texlive/texmf-dist/tex/latex/geometry/geometry.sty
Package: geometry 2020/01/02 v5.9 Page Geometry

(/usr/share/texlive/texmf-dist/tex/latex/graphics/keyval.sty
Package: keyval 2014/10/28 v1.15 key=value parser (DPC)
\KV@toks@=\toks20
)
(/usr/share/texlive/texmf-dist/tex/generic/iftex/ifvtex.sty
Package: ifvtex 2019/10/25 v1.7 ifvtex legacy package. Use iftex instead.

(/usr/share/texlive/texmf-dist/tex/generic/iftex/iftex.sty
Package: iftex 2020/03/06 v1.0d TeX engine tests
))
\Gm@cnth=\count195
\Gm@cntv=\count196
\c@Gm@tempcnt=\count197
\Gm@bindingoffset=\dimen141
\Gm@wd@mp=\dimen142
\Gm@odd@mp=\dimen143
\Gm@even@mp=\dimen144
\Gm@layoutwidth=\dimen145
\Gm@layoutheight=\dimen146
\Gm@layouthoffset=\dimen147
\Gm@layoutvoffset=\dimen148
\Gm@dimlist=\toks21
)
(/usr/share/texlive/texmf-dist/tex/latex/l3backend/l3backend-pdftex.def
File: l3backend-pdftex.def 2022-01-12 L3 backend support: PDF output (pdfTeX)
\l__color_backend_stack_int=\count198
\l__pdf_internal_box=\box54
)
(./output.aux)
\openout1 = `output.aux'.

LaTeX Font Info:    Checking defaults for OML/cmm/m/it on input line 7.
LaTeX Font Info:    ... okay on input line 7.
LaTeX Font Info:    Checking defaults for OMS/cmsy/m/n on input line 7.
LaTeX Font Info:    ... okay on input line 7.
LaTeX Font Info:    Checking defaults for OT1/cmr/m/n on input line 7.
LaTeX Font Info:    ... okay on input line 7.
LaTeX Font Info:    Checking defaults for T1/cmr/m/n on input line 7.
LaTeX Font Info:    ... okay on input line 7.
LaTeX Font Info:    Checking defaults for TS1/cmr/m/n on input line 7.
LaTeX Font Info:    ... okay on input line 7.
LaTeX Font Info:    Checking defaults for OMX/cmex/m/n on input line 7.
LaTeX Font Info:    ... okay on input line 7.
LaTeX Font Info:    Checking defaults for U/cmr/m/n on input line 7.
LaTeX Font Info:    ... okay on input line 7.

(/usr/share/texlive/texmf-dist/tex/context/base/mkii/supp-pdf.mkii
[Loading MPS to PDF converter (version 2006.09.02).]
\scratchcounter=\count199
\scratchdimen=\dimen149
\scratchbox=\box55
\nofMPsegments=\count266
\nofMParguments=\count267
\everyMPshowfont=\toks22
\MPscratchCnt=\count268
\MPscratchDim=\dimen150
\MPnumerator=\count269
\makeMPintoPDFobject=\count270
\everyMPtoPDFconversion=\toks23
)
*geometry* driver: auto-detecting
*geometry* detected driver: pdftex
*geometry* verbose mode - [ preamble ] result:
* driver: pdftex
* paper: a4paper
* layout: <same size as paper>
* layoutoffset:(h,v)=(0.0pt,0.0pt)
* modes: 
* h-part:(L,W,R)=(72.26999pt, 452.9679pt, 72.26999pt)
* v-part:(T,H,B)=(72.26999pt, 700.50687pt, 72.26999pt)
* \paperwidth=597.50787pt
* \paperheight=845.04684pt
* \textwidth=452.9679pt
* \textheight=700.50687pt
* \oddsidemargin=0.0pt
* \evensidemargin=0.0pt
* \topmargin=-37.0pt
* \headheight=12.0pt
* \headsep=25.0pt
* \topskip=12.0pt
* \footskip=30.0pt
* \marginparwidth=35.0pt
* \marginparsep=10.0pt
* \columnsep=10.0pt
* \skip\footins=10.8pt plus 4.0pt minus 2.0pt
* \hoffset=0.0pt
* \voffset=0.0pt
* \mag=1000
* \@twocolumnfalse
* \@twosidefalse
* \@mparswitchfalse
* \@reversemarginfalse
* (1in=72.27pt=25.4mm, 1cm=28.453pt)

[1

{/var/lib/texmf/fonts/map/pdftex/updmap/pdftex.map}]
LaTeX Font Info:    External font `cmex10' loaded for size
(Font)              <12> on input line 23.
LaTeX Font Info:    External font `cmex10' loaded for size
(Font)              <8> on input line 23.
LaTeX Font Info:    External font `cmex10' loaded for size
(Font)              <6> on input line 23.
 [1]
Underfull \hbox (badness 10000) in paragraph at lines 67--67

 []


Underfull \hbox (badness 10000) in paragraph at lines 79--88

 []


Underfull \hbox (badness 10000) in paragraph at lines 89--98

 []

[2]
Underfull \hbox (badness 10000) in paragraph at lines 99--108

 []


Underfull \hbox (badness 10000) in paragraph at lines 109--118

 []

[3]
Underfull \hbox (badness 10000) in paragraph at lines 159--159

 []


Underfull \hbox (badness 10000) in paragraph at lines 171--180

 []


Underfull \hbox (badness 10000) in paragraph at lines 181--190

 []

[4]
Underfull \hbox (badness 10000) in paragraph at lines 191--200

 []


Underfull \hbox (badness 10000) in paragraph at lines 201--210

 []

[5]
Underfull \hbox (badness 10000) in paragraph at lines 252--252

 []


Underfull \hbox (badness 10000) in paragraph at lines 264--273

 []


Underfull \hbox (badness 10000) in paragraph at lines 274--283

 []

[6]
Underfull \hbox (badness 10000) in paragraph at lines 284--293

 []


Underfull \hbox (badness 10000) in paragraph at lines 294--303

 []

[7]
Underfull \hbox (badness 10000) in paragraph at lines 344--344

 []


Underfull \hbox (badness 10000) in paragraph at lines 356--365

 []


Underfull \hbox (badness 10000) in paragraph at lines 366--375

 []

[8]
Underfull \hbox (badness 10000) in paragraph at lines 376--385

 []


Underfull \hbox (badness 10000) in paragraph at lines 386--395

 []

[9]
Underfull \hbox (badness 10000) in paragraph at lines 437--437

 []


Underfull \hbox (badness 10000) in paragraph at lines 449--458

 []


Underfull \hbox (badness 10000) in paragraph at lines 459--468

 []

[10]
Underfull \hbox (badness 10000) in paragraph at lines 469--478

 []


Underfull \hbox (badness 10000) in paragraph at lines 479--488

 []

[11]
Underfull \hbox (badness 10000) in paragraph at lines 529--529

 []


Underfull \hbox (badness 10000) in paragraph at lines 541--550

 []


Underfull \hbox (badness 10000) in paragraph at lines 551--560

 []

[12]
Underfull \hbox (badness 10000) in paragraph at lines 561--570

 []


Underfull \hbox (badness 10000) in paragraph at lines 571--580

 []

[13]
Underfull \hbox (badness 10000) in paragraph at lines 622--622

 []


Underfull \hbox (badness 10000) in paragraph at lines 634--643

 []


Underfull \hbox (badness 10000) in paragraph at lines 644--653

 []

[14]
Underfull \hbox (badness 10000) in paragraph at lines 654--663

 []


Underfull \hbox (badness 10000) in paragraph at lines 664--673

 []

[15]
Underfull \hbox (badness 10000) in paragraph at lines 714--714

 []


Underfull \hbox (badness 10000) in paragraph at lines 726--735

 []


Underfull \hbox (badness 10000) in paragraph at lines 736--745

 []

[16]
Underfull \hbox (badness 10000) in paragraph at lines 746--755

 []


Underfull \hbox (badness 10000) in paragraph at lines 756--765

 []

[17]
Underfull \hbox (badness 10000) in paragraph at lines 807--807

 []


Underfull \hbox (badness 10000) in paragraph at lines 819--828

 []


Underfull \hbox (badness 10000) in paragraph at lines 829--838

 []

[18]
Underfull \hbox (badness 10000) in paragraph at lines 839--848

 []


Underfull \hbox (badness 10000) in paragraph at lines 849--858

 []

[19]
Underfull \hbox (badness 10000) in paragraph at lines 899--899

 []


Underfull \hbox (badness 10000) in paragraph at lines 911--920

 []


Underfull \hbox (badness 10000) in paragraph at lines 921--930

 []

[20]
Underfull \hbox (badness 10000) in paragraph at lines 931--940

 []


Underfull \hbox (badness 10000) in paragraph at lines 941--950

 []

[21]
Underfull \hbox (badness 10000) in paragraph at lines 992--992

 []


Underfull \hbox (badness 10000) in paragraph at lines 1004--1013

 []


Underfull \hbox (badness 10000) in paragraph at lines 1014--1023

 []

[22]
Underfull \hbox (badness 10000) in paragraph at lines 1024--1033

 []


Underfull \hbox (badness 10000) in paragraph at lines 1034--1043

 []

[23]
Underfull \hbox (badness 10000) in paragraph at lines 1084--1084

 []


Underfull \hbox (badness 10000) in paragraph at lines 1096--1105

 []


Underfull \hbox (badness 10000) in paragraph at lines 1106--1115

 []

[24]
Underfull \hbox (badness 10000) in paragraph at lines 1116--1125

 []


Underfull \hbox (badness 10000) in paragraph at lines 1126--1135

 []

[25]
Underfull \hbox (badness 10000) in paragraph at lines 1177--1177

 []


Underfull \hbox (badness 10000) in paragraph at lines 1189--1198

 []


Underfull \hbox (badness 10000) in paragraph at lines 1199--1208

 []

[26]
Underfull \hbox (badness 10000) in paragraph at lines 1209--1218

 []


Underfull \hbox (badness 10000) in paragraph at lines 1219--1228

 []

[27]
Underfull \hbox (badness 10000) in paragraph at lines 1269--1269

 []


Underfull \hbox (badness 10000) in paragraph at lines 1281--1290

 []


Underfull \hbox (badness 10000) in paragraph at lines 1291--1300

 []

[28]
Underfull \hbox (badness 10000) in paragraph at lines 1301--1310

 []


Underfull \hbox (badness 10000) in paragraph at lines 1311--1320

 []

[29]
Underfull \hbox (badness 10000) in paragraph at lines 1362--1362

 []


Underfull \hbox (badness 10000) in paragraph at lines 1374--1383

 []


Underfull \hbox (badness 10000) in paragraph at lines 1384--1393

 []

[30]
Underfull \hbox (badness 10000) in paragraph at lines 1394--1403

 []


Underfull \hbox (badness 10000) in paragraph at lines 1404--1413

 []

[31]
Underfull \hbox (badness 10000) in paragraph at lines 1454--1454

 []


Underfull \hbox (badness 10000) in paragraph at lines 1466--1475

 []


Underfull \hbox (badness 10000) in paragraph at lines 1476--1485

 []

[32]
Underfull \hbox (badness 10000) in paragraph at lines 1486--1495

 []


Underfull \hbox (badness 10000) in paragraph at lines 1496--1505

 []

[33]
Underfull \hbox (badness 10000) in paragraph at lines 1547--1547

 []


Underfull \hbox (badness 10000) in paragraph at lines 1559--1568

 []


Underfull \hbox (badness 10000) in paragraph at lines 1569--1578

 []

[34]
Underfull \hbox (badness 10000) in paragraph at lines 1579--1588

 []


Underfull \hbox (badness 10000) in paragraph at lines 1589--1598

 []

[35]
Underfull \hbox (badness 10000) in paragraph at lines 1639--1639

 []


Underfull \hbox (badness 10000) in paragraph at lines 1651--1660

 []


Underfull \hbox (badness 10000) in paragraph at lines 1661--1670

 []

[36]
Underfull \hbox (badness 10000) in paragraph at lines 1671--1680

 []


Underfull \hbox (badness 10000) in paragraph at lines 1681--1690

 []

[37]
Underfull \hbox (badness 10000) in paragraph at lines 1732--1732

 []


Underfull \hbox (badness 10000) in paragraph at lines 1744--1753

 []


Underfull \hbox (badness 10000) in paragraph at lines 1754--1763

 []

[38]
Underfull \hbox (badness 10000) in paragraph at lines 1764--1773

 []


Underfull \hbox (badness 10000) in paragraph at lines 1774--1783

 []

[39]
Underfull \hbox (badness 10000) in paragraph at lines 1824--1824

 []


Underfull \hbox (badness 10000) in paragraph at lines 1836--1845

 []


Underfull \hbox (badness 10000) in paragraph at lines 1846--1855

 []

[40]
Underfull \hbox (badness 10000) in paragraph at lines 1856--1865

 []


Underfull \hbox (badness 10000) in paragraph at lines 1866--1875

 []

[41]
Underfull \hbox (badness 10000) in paragraph at lines 1917--1917

 []


Underfull \hbox (badness 10000) in paragraph at lines 1929--1938

 []


Underfull \hbox (badness 10000) in paragraph at lines 1939--1948

 []

[42]
Underfull \hbox (badness 10000) in paragraph at lines 1949--1958

 []


Underfull \hbox (badness 10000) in paragraph at lines 1959--1968

 []

[43]
Underfull \hbox (badness 10000) in paragraph at lines 2009--2009

 []


Underfull \hbox (badness 10000) in paragraph at lines 2021--2030

 []


Underfull \hbox (badness 10000) in paragraph at lines 2031--2040

 []

[44]
Underfull \hbox (badness 10000) in paragraph at lines 2041--2050

 []


Underfull \hbox (badness 10000) in paragraph at lines 2051--2060

 []

[45]
Underfull \hbox (badness 10000) in paragraph at lines 2102--2102

 []


Underfull \hbox (badness 10000) in paragraph at lines 2114--2123

 []


Underfull \hbox (badness 10000) in paragraph at lines 2124--2133

 []

[46]
Underfull \hbox (badness 10000) in paragraph at lines 2134--2143

 []


Underfull \hbox (badness 10000) in paragraph at lines 2144--2153

 []

[47]
Underfull \hbox (badness 10000) in paragraph at lines 2194--2194

 []


Underfull \hbox (badness 10000) in paragraph at lines 2206--2215

 []


Underfull \hbox (badness 10000) in paragraph at lines 2216--2225

 []

[48]
Underfull \hbox (badness 10000) in paragraph at lines 2226--2235

 []


Underfull \hbox (badness 10000) in paragraph at lines 2236--2245

 []

[49]
Underfull \hbox (badness 10000) in paragraph at lines 2287--2287

 []


Underfull \hbox (badness 10000) in paragraph at lines 2299--2308

 []


Underfull \hbox (badness 10000) in paragraph at lines 2309--2318

 []

[50]
Underfull \hbox (badness 10000) in paragraph at lines 2319--2328

 []


Underfull \hbox (badness 10000) in paragraph at lines 2329--2338

 []

[51]
Underfull \hbox (badness 10000) in paragraph at lines 2379--2379

 []


Underfull \hbox (badness 10000) in paragraph at lines 2391--2400

 []


Underfull \hbox (badness 10000) in paragraph at lines 2401--2410

 []

[52]
Underfull \hbox (badness 10000) in paragraph at lines 2411--2420

 []


Underfull \hbox (badness 10000) in paragraph at lines 2421--2430

 []

[53]
Underfull \hbox (badness 10000) in paragraph at lines 2472--2472

 []


Underfull \hbox (badness 10000) in paragraph at lines 2484--2493

 []


Underfull \hbox (badness 10000) in paragraph at lines 2494--2503

 []

[54]
Underfull \hbox (badness 10000) in paragraph at lines 2504--2513

 []


Underfull \hbox (badness 10000) in paragraph at lines 2514--2523

 []

[55]
Underfull \hbox (badness 10000) in paragraph at lines 2564--2564

 []


Underfull \hbox (badness 10000) in paragraph at lines 2576--2585

 []


Underfull \hbox (badness 10000) in paragraph at lines 2586--2595

 []

[56]
Underfull \hbox (badness 10000) in paragraph at lines 2596--2605

 []


Underfull \hbox (badness 10000) in paragraph at lines 2606--2615

 []

[57]
Underfull \hbox (badness 10000) in paragraph at lines 2657--2657

 []


Underfull \hbox (badness 10000) in paragraph at lines 2669--2678

 []


Underfull \hbox (badness 10000) in paragraph at lines 2679--2688

 []

[58]
Underfull \hbox (badness 10000) in paragraph at lines 2689--2698

 []


Underfull \hbox (badness 10000) in paragraph at lines 2699--2708

 []

[59]
Underfull \hbox (badness 10000) in paragraph at lines 2749--2749

 []


Underfull \hbox (badness 10000) in paragraph at lines 2761--2770

 []


Underfull \hbox (badness 10000) in paragraph at lines 2771--2780

 []

[60]
Underfull \hbox (badness 10000) in paragraph at lines 2781--2790

 []


Underfull \hbox (badness 10000) in paragraph at lines 2791--2800

 []

[61]
Underfull \hbox (badness 10000) in paragraph at lines 2842--2842

 []


Underfull \hbox (badness 10000) in paragraph at lines 2854--2863

 []


Underfull \hbox (badness 10000) in paragraph at lines 2864--2873

 []

[62]
Underfull \hbox (badness 10000) in paragraph at lines 2874--2883

 []


Underfull \hbox (badness 10000) in paragraph at lines 2884--2893

 []

[63]
Underfull \hbox (badness 10000) in paragraph at lines 2934--2934

 []


Underfull \hbox (badness 10000) in paragraph at lines 2946--2955

 []


Underfull \hbox (badness 10000) in paragraph at lines 2956--2965

 []

[64]
Underfull \hbox (badness 10000) in paragraph at lines 2966--2975

 []


Underfull \hbox (badness 10000) in paragraph at lines 2976--2985

 []

[65]
Underfull \hbox (badness 10000) in paragraph at lines 3027--3027

 []


Underfull \hbox (badness 10000) in paragraph at lines 3039--3048

 []


Underfull \hbox (badness 10000) in paragraph at lines 3049--3058

 []

[66]
Underfull \hbox (badness 10000) in paragraph at lines 3059--3068

 []


Underfull \hbox (badness 10000) in paragraph at lines 3069--3078

 []

[67]
Underfull \hbox (badness 10000) in paragraph at lines 3119--3119

 []


Underfull \hbox (badness 10000) in paragraph at lines 3131--3140

 []


Underfull \hbox (badness 10000) in paragraph at lines 3141--3150

 []

[68]
Underfull \hbox (badness 10000) in paragraph at lines 3151--3160

 []


Underfull \hbox (badness 10000) in paragraph at lines 3161--3170

 []

[69]
Underfull \hbox (badness 10000) in paragraph at lines 3212--3212

 []


Underfull \hbox (badness 10000) in paragraph at lines 3224--3233

 []


Underfull \hbox (badness 10000) in paragraph at lines 3234--3243

 []

[70]
Underfull \hbox (badness 10000) in paragraph at lines 3244--3253

 []


Underfull \hbox (badness 10000) in paragraph at lines 3254--3263

 []

[71]
Underfull \hbox (badness 10000) in paragraph at lines 3304--3304

 []


Underfull \hbox (badness 10000) in paragraph at lines 3316--3325

 []


Underfull \hbox (badness 10000) in paragraph at lines 3326--3335

 []

[72]
Underfull \hbox (badness 10000) in paragraph at lines 3336--3345

 []


Underfull \hbox (badness 10000) in paragraph at lines 3346--3355

 []

[73]
Underfull \hbox (badness 10000) in paragraph at lines 3397--3397

 []


Underfull \hbox (badness 10000) in paragraph at lines 3409--3418

 []


Underfull \hbox (badness 10000) in paragraph at lines 3419--3428

 []

[74]
Underfull \hbox (badness 10000) in paragraph at lines 3429--3438

 []


Underfull \hbox (badness 10000) in paragraph at lines 3439--3448

 []

[75]
Underfull \hbox (badness 10000) in paragraph at lines 3489--3489

 []


Underfull \hbox (badness 10000) in paragraph at lines 3501--3510

 []


Underfull \hbox (badness 10000) in paragraph at lines 3511--3520

 []

[76]
Underfull \hbox (badness 10000) in paragraph at lines 3521--3530

 []


Underfull \hbox (badness 10000) in paragraph at lines 3531--3540

 []

[77]
Underfull \hbox (badness 10000) in paragraph at lines 3582--3582

 []


Underfull \hbox (badness 10000) in paragraph at lines 3594--3603

 []


Underfull \hbox (badness 10000) in paragraph at lines 3604--3613

 []

[78]
Underfull \hbox (badness 10000) in paragraph at lines 3614--3623

 []


Underfull \hbox (badness 10000) in paragraph at lines 3624--3633

 []

[79]
Underfull \hbox (badness 10000) in paragraph at lines 3674--3674

 []


Underfull \hbox (badness 10000) in paragraph at lines 3686--3695

 []


Underfull \hbox (badness 10000) in paragraph at lines 3696--3705

 []

[80]
Underfull \hbox (badness 10000) in paragraph at lines 3706--3715

 []


Underfull \hbox (badness 10000) in paragraph at lines 3716--3725

 []

[81]
Underfull \hbox (badness 10000) in paragraph at lines 3767--3767

 []


Underfull \hbox (badness 10000) in paragraph at lines 3779--3788

 []


Underfull \hbox (badness 10000) in paragraph at lines 3789--3798

 []

[82]
Underfull \hbox (badness 10000) in paragraph at lines 3799--3808

 []


Underfull \hbox (badness 10000) in paragraph at lines 3809--3818

 []

[83]
Underfull \hbox (badness 10000) in paragraph at lines 3859--3859

 []


Underfull \hbox (badness 10000) in paragraph at lines 3871--3880

 []


Underfull \hbox (badness 10000) in paragraph at lines 3881--3890

 []

[84]
Underfull \hbox (badness 10000) in paragraph at lines 3891--3900

 []


Underfull \hbox (badness 10000) in paragraph at lines 3901--3910

 []

[85]
Underfull \hbox (badness 10000) in paragraph at lines 3952--3952

 []


Underfull \hbox (badness 10000) in paragraph at lines 3964--3973

 []


Underfull \hbox (badness 10000) in paragraph at lines 3974--3983

 []

[86]
Underfull \hbox (badness 10000) in paragraph at lines 3984--3993

 []


Underfull \hbox (badness 10000) in paragraph at lines 3994--4003

 []

[87]
Underfull \hbox (badness 10000) in paragraph at lines 4044--4044

 []


Underfull \hbox (badness 10000) in paragraph at lines 4056--4065

 []


Underfull \hbox (badness 10000) in paragraph at lines 4066--4075

 []

[88]
Underfull \hbox (badness 10000) in paragraph at lines 4076--4085

 []


Underfull \hbox (badness 10000) in paragraph at lines 4086--4095

 []

[89]
Underfull \hbox (badness 10000) in paragraph at lines 4137--4137

 []


Underfull \hbox (badness 10000) in paragraph at lines 4149--4158

 []


Underfull \hbox (badness 10000) in paragraph at lines 4159--4168

 []

[90]
Underfull \hbox (badness 10000) in paragraph at lines 4169--4178

 []


Underfull \hbox (badness 10000) in paragraph at lines 4179--4188

 []

[91]
Underfull \hbox (badness 10000) in paragraph at lines 4229--4229

 []


Underfull \hbox (badness 10000) in paragraph at lines 4241--4250

 []


Underfull \hbox (badness 10000) in paragraph at lines 4251--4260

 []

[92]
Underfull \hbox (badness 10000) in paragraph at lines 4261--4270

 []


Underfull \hbox (badness 10000) in paragraph at lines 4271--4280

 []

[93]
Underfull \hbox (badness 10000) in paragraph at lines 4322--4322

 []


Underfull \hbox (badness 10000) in paragraph at lines 4334--4343

 []


Underfull \hbox (badness 10000) in paragraph at lines 4344--4353

 []

[94]
Underfull \hbox (badness 10000) in paragraph at lines 4354--4363

 []


Underfull \hbox (badness 10000) in paragraph at lines 4364--4373

 []

[95]
Underfull \hbox (badness 10000) in paragraph at lines 4414--4414

 []


Underfull \hbox (badness 10000) in paragraph at lines 4426--4435

 []


Underfull \hbox (badness 10000) in paragraph at lines 4436--4445

 []

[96]
Underfull \hbox (badness 10000) in paragraph at lines 4446--4455

 []


Underfull \hbox (badness 10000) in paragraph at lines 4456--4465

 []

[97]
Underfull \hbox (badness 10000) in paragraph at lines 4507--4507

 []


Underfull \hbox (badness 10000) in paragraph at lines 4519--4528

 []


Underfull \hbox (badness 10000) in paragraph at lines 4529--4538

 []

[98]
Underfull \hbox (badness 10000) in paragraph at lines 4539--4548

 []


Underfull \hbox (badness 10000) in paragraph at lines 4549--4558

 []

[99]
Underfull \hbox (badness 10000) in paragraph at lines 4599--4599

 []


Underfull \hbox (badness 10000) in paragraph at lines 4611--4620

 []


Underfull \hbox (badness 10000) in paragraph at lines 4621--4630

 []

[100]
Underfull \hbox (badness 10000) in paragraph at lines 4631--4640

 []


Underfull \hbox (badness 10000) in paragraph at lines 4641--4650

 []

[101]
Underfull \hbox (badness 10000) in paragraph at lines 4692--4692

 []


Underfull \hbox (badness 10000) in paragraph at lines 4704--4713

 []


Underfull \hbox (badness 10000) in paragraph at lines 4714--4723

 []

[102]
Underfull \hbox (badness 10000) in paragraph at lines 4724--4733

 []


Underfull \hbox (badness 10000) in paragraph at lines 4734--4743

 []

[103]
Underfull \hbox (badness 10000) in paragraph at lines 4777--4779

 []


Underfull \hbox (badness 10000) in paragraph at lines 4781--4784

 []

[104] (./output.aux) ) 
Here is how much of TeX's memory you used:
 2197 strings out of 478287
 32773 string characters out of 5849289
 357315 words of memory out of 5000000
 20424 multiletter control sequences out of 15000+600000
 474725 words of font info for 46 fonts, out of 8000000 for 9000
 1141 hyphenation exceptions out of 8191
 55i,11n,62p,221b,217s stack positions out of 5000i,500n,10000p,200000b,80000s
</usr/share/texlive/texmf-dist/fonts/type1/public/amsfont
s/cm/cmbx12.pfb></usr/share/texlive/texmf-dist/fonts/type1/public/amsfonts/cm/c
mmi12.pfb></usr/share/texlive/texmf-dist/fonts/type1/public/amsfonts/cm/cmr12.p
fb></usr/share/texlive/texmf-dist/fonts/type1/public/amsfonts/cm/cmr17.pfb></us
r/share/texlive/texmf-dist/fonts/type1/public/amsfonts/cm/cmr8.pfb></usr/share/
texlive/texmf-dist/fonts/type1/public/amsfonts/cm/cmsy10.pfb>
Output written on output.pdf (105 pages, 229185 bytes).
PDF statistics:
 373 PDF objects out of 1000 (max. 8388607)
 251 compressed objects within 3 object streams
 0 named destinations out of 1000 (max. 500000)
 1 words of extra memory for PDF output out of 10000 (max. 10000000)

